[100%] Built target cpp_node_test
[100%] Built target ament_cmake_python_copy_fra532_lab1_package
running egg_info
writing fra532_lab1_package.egg-info/PKG-INFO
writing dependency_links to fra532_lab1_package.egg-info/dependency_links.txt
writing top-level names to fra532_lab1_package.egg-info/top_level.txt
reading manifest file 'fra532_lab1_package.egg-info/SOURCES.txt'
writing manifest file 'fra532_lab1_package.egg-info/SOURCES.txt'
[100%] Built target ament_cmake_python_build_fra532_lab1_package_egg
-- Install configuration: ""
-- Up-to-date: /home/talae/FRA532_LAB1_ws/install/fra532_lab1_package/share/fra532_lab1_package/environment/pythonpath.sh
-- Up-to-date: /home/talae/FRA532_LAB1_ws/install/fra532_lab1_package/share/fra532_lab1_package/environment/pythonpath.dsv
-- Up-to-date: /home/talae/FRA532_LAB1_ws/install/fra532_lab1_package/local/lib/python3.10/dist-packages/fra532_lab1_package-0.0.0-py3.10.egg-info
-- Installing: /home/talae/FRA532_LAB1_ws/install/fra532_lab1_package/local/lib/python3.10/dist-packages/fra532_lab1_package-0.0.0-py3.10.egg-info/PKG-INFO
-- Installing: /home/talae/FRA532_LAB1_ws/install/fra532_lab1_package/local/lib/python3.10/dist-packages/fra532_lab1_package-0.0.0-py3.10.egg-info/dependency_links.txt
-- Installing: /home/talae/FRA532_LAB1_ws/install/fra532_lab1_package/local/lib/python3.10/dist-packages/fra532_lab1_package-0.0.0-py3.10.egg-info/SOURCES.txt
-- Installing: /home/talae/FRA532_LAB1_ws/install/fra532_lab1_package/local/lib/python3.10/dist-packages/fra532_lab1_package-0.0.0-py3.10.egg-info/top_level.txt
-- Up-to-date: /home/talae/FRA532_LAB1_ws/install/fra532_lab1_package/local/lib/python3.10/dist-packages/fra532_lab1_package
-- Up-to-date: /home/talae/FRA532_LAB1_ws/install/fra532_lab1_package/local/lib/python3.10/dist-packages/fra532_lab1_package/EKF.py
-- Up-to-date: /home/talae/FRA532_LAB1_ws/install/fra532_lab1_package/local/lib/python3.10/dist-packages/fra532_lab1_package/dummy_module.py
-- Up-to-date: /home/talae/FRA532_LAB1_ws/install/fra532_lab1_package/local/lib/python3.10/dist-packages/fra532_lab1_package/__init__.py
-- Up-to-date: /home/talae/FRA532_LAB1_ws/install/fra532_lab1_package/local/lib/python3.10/dist-packages/fra532_lab1_package/utils.py
Listing '/home/talae/FRA532_LAB1_ws/install/fra532_lab1_package/local/lib/python3.10/dist-packages/fra532_lab1_package'...
-- Up-to-date: /home/talae/FRA532_LAB1_ws/install/fra532_lab1_package/lib/fra532_lab1_package/dummy_script.py
-- Up-to-date: /home/talae/FRA532_LAB1_ws/install/fra532_lab1_package/lib/fra532_lab1_package/eval_node.py
-- Up-to-date: /home/talae/FRA532_LAB1_ws/install/fra532_lab1_package/lib/fra532_lab1_package/wheel_odom_node.py
-- Up-to-date: /home/talae/FRA532_LAB1_ws/install/fra532_lab1_package/lib/fra532_lab1_package/EKF_odom_node.py
-- Up-to-date: /home/talae/FRA532_LAB1_ws/install/fra532_lab1_package/lib/fra532_lab1_package/cpp_node_test
-- Up-to-date: /home/talae/FRA532_LAB1_ws/install/fra532_lab1_package/share/fra532_lab1_package/config
-- Up-to-date: /home/talae/FRA532_LAB1_ws/install/fra532_lab1_package/share/fra532_lab1_package/config/0_wheel_odom_config.rviz
-- Up-to-date: /home/talae/FRA532_LAB1_ws/install/fra532_lab1_package/share/fra532_lab1_package/config/1_EKF_odom_config.rviz
-- Up-to-date: /home/talae/FRA532_LAB1_ws/install/fra532_lab1_package/share/fra532_lab1_package/dataset
-- Up-to-date: /home/talae/FRA532_LAB1_ws/install/fra532_lab1_package/share/fra532_lab1_package/dataset/fibo_floor3_seq00
-- Up-to-date: /home/talae/FRA532_LAB1_ws/install/fra532_lab1_package/share/fra532_lab1_package/dataset/fibo_floor3_seq00/fibo_floor3_seq00_0.db3
-- Up-to-date: /home/talae/FRA532_LAB1_ws/install/fra532_lab1_package/share/fra532_lab1_package/dataset/fibo_floor3_seq00/metadata.yaml
-- Up-to-date: /home/talae/FRA532_LAB1_ws/install/fra532_lab1_package/share/fra532_lab1_package/dataset/fibo_floor3_seq01
-- Up-to-date: /home/talae/FRA532_LAB1_ws/install/fra532_lab1_package/share/fra532_lab1_package/dataset/fibo_floor3_seq01/metadata.yaml
-- Up-to-date: /home/talae/FRA532_LAB1_ws/install/fra532_lab1_package/share/fra532_lab1_package/dataset/fibo_floor3_seq01/fibo_floor3_seq01_0.db3
-- Up-to-date: /home/talae/FRA532_LAB1_ws/install/fra532_lab1_package/share/fra532_lab1_package/dataset/fibo_floor3_seq02
-- Up-to-date: /home/talae/FRA532_LAB1_ws/install/fra532_lab1_package/share/fra532_lab1_package/dataset/fibo_floor3_seq02/metadata.yaml
-- Up-to-date: /home/talae/FRA532_LAB1_ws/install/fra532_lab1_package/share/fra532_lab1_package/dataset/fibo_floor3_seq02/fibo_floor3_seq02_0.db3
-- Up-to-date: /home/talae/FRA532_LAB1_ws/install/fra532_lab1_package/share/fra532_lab1_package/launch
-- Up-to-date: /home/talae/FRA532_LAB1_ws/install/fra532_lab1_package/share/fra532_lab1_package/launch/0_wheel_odom.launch.py
-- Installing: /home/talae/FRA532_LAB1_ws/install/fra532_lab1_package/share/fra532_lab1_package/launch/1_EKF_odom.launch.py
-- Up-to-date: /home/talae/FRA532_LAB1_ws/install/fra532_lab1_package/share/fra532_lab1_package/launch/2_ICP_odom.launch.py
-- Up-to-date: /home/talae/FRA532_LAB1_ws/install/fra532_lab1_package/share/ament_index/resource_index/package_run_dependencies/fra532_lab1_package
-- Up-to-date: /home/talae/FRA532_LAB1_ws/install/fra532_lab1_package/share/ament_index/resource_index/parent_prefix_path/fra532_lab1_package
-- Up-to-date: /home/talae/FRA532_LAB1_ws/install/fra532_lab1_package/share/fra532_lab1_package/environment/ament_prefix_path.sh
-- Up-to-date: /home/talae/FRA532_LAB1_ws/install/fra532_lab1_package/share/fra532_lab1_package/environment/ament_prefix_path.dsv
-- Up-to-date: /home/talae/FRA532_LAB1_ws/install/fra532_lab1_package/share/fra532_lab1_package/environment/path.sh
-- Up-to-date: /home/talae/FRA532_LAB1_ws/install/fra532_lab1_package/share/fra532_lab1_package/environment/path.dsv
-- Up-to-date: /home/talae/FRA532_LAB1_ws/install/fra532_lab1_package/share/fra532_lab1_package/local_setup.bash
-- Up-to-date: /home/talae/FRA532_LAB1_ws/install/fra532_lab1_package/share/fra532_lab1_package/local_setup.sh
-- Up-to-date: /home/talae/FRA532_LAB1_ws/install/fra532_lab1_package/share/fra532_lab1_package/local_setup.zsh
-- Up-to-date: /home/talae/FRA532_LAB1_ws/install/fra532_lab1_package/share/fra532_lab1_package/local_setup.dsv
-- Installing: /home/talae/FRA532_LAB1_ws/install/fra532_lab1_package/share/fra532_lab1_package/package.dsv
-- Up-to-date: /home/talae/FRA532_LAB1_ws/install/fra532_lab1_package/share/ament_index/resource_index/packages/fra532_lab1_package
-- Up-to-date: /home/talae/FRA532_LAB1_ws/install/fra532_lab1_package/share/fra532_lab1_package/cmake/fra532_lab1_packageConfig.cmake
-- Up-to-date: /home/talae/FRA532_LAB1_ws/install/fra532_lab1_package/share/fra532_lab1_package/cmake/fra532_lab1_packageConfig-version.cmake
-- Up-to-date: /home/talae/FRA532_LAB1_ws/install/fra532_lab1_package/share/fra532_lab1_package/package.xml
