-- The C compiler identification is GNU 11.4.0
-- The CXX compiler identification is GNU 11.4.0
-- Detecting C compiler ABI info
-- Detecting C compiler ABI info - done
-- Check for working C compiler: /usr/bin/cc - skipped
-- Detecting C compile features
-- Detecting C compile features - done
-- Detecting CXX compiler ABI info
-- Detecting CXX compiler ABI info - done
-- Check for working CXX compiler: /usr/bin/c++ - skipped
-- Detecting CXX compile features
-- Detecting CXX compile features - done
-- Found ament_cmake: 1.3.12 (/opt/ros/humble/share/ament_cmake/cmake)
-- Found Python3: /usr/bin/python3 (found version "3.10.12") found components: Interpreter 
-- Found rclcpp: 16.0.17 (/opt/ros/humble/share/rclcpp/cmake)
-- Found rosidl_generator_c: 3.1.8 (/opt/ros/humble/share/rosidl_generator_c/cmake)
-- Found rosidl_adapter: 3.1.8 (/opt/ros/humble/share/rosidl_adapter/cmake)
-- Found rosidl_generator_cpp: 3.1.8 (/opt/ros/humble/share/rosidl_generator_cpp/cmake)
-- Using all available rosidl_typesupport_c: rosidl_typesupport_fastrtps_c;rosidl_typesupport_introspection_c
-- Using all available rosidl_typesupport_cpp: rosidl_typesupport_fastrtps_cpp;rosidl_typesupport_introspection_cpp
-- Found rmw_implementation_cmake: 6.1.2 (/opt/ros/humble/share/rmw_implementation_cmake/cmake)
-- Found rmw_fastrtps_cpp: 6.2.9 (/opt/ros/humble/share/rmw_fastrtps_cpp/cmake)
-- Found OpenSSL: /usr/lib/x86_64-linux-gnu/libcrypto.so (found version "3.0.2")  
-- Found FastRTPS: /opt/ros/humble/include  
-- Using RMW implementation 'rmw_fastrtps_cpp' as default
-- Looking for pthread.h
-- Looking for pthread.h - found
-- Performing Test CMAKE_HAVE_LIBC_PTHREAD
-- Performing Test CMAKE_HAVE_LIBC_PTHREAD - Success
-- Found Threads: TRUE  
-- Found rclpy: 3.3.19 (/opt/ros/humble/share/rclpy/cmake)
-- Configuring done
-- Generating done
-- Build files have been written to: /home/talae/FRA532_LAB1_ws/build/fra532_lab1_package
[ 50%] [32mBuilding CXX object CMakeFiles/cpp_node_test.dir/src/cpp_node.cpp.o[0m
[ 50%] Built target ament_cmake_python_copy_fra532_lab1_package
[100%] [32m[1mLinking CXX executable cpp_node_test[0m
running egg_info
creating fra532_lab1_package.egg-info
writing fra532_lab1_package.egg-info/PKG-INFO
writing dependency_links to fra532_lab1_package.egg-info/dependency_links.txt
writing top-level names to fra532_lab1_package.egg-info/top_level.txt
writing manifest file 'fra532_lab1_package.egg-info/SOURCES.txt'
reading manifest file 'fra532_lab1_package.egg-info/SOURCES.txt'
writing manifest file 'fra532_lab1_package.egg-info/SOURCES.txt'
[100%] Built target ament_cmake_python_build_fra532_lab1_package_egg
[100%] Built target cpp_node_test
-- Install configuration: ""
-- Installing: /home/talae/FRA532_LAB1_ws/install/fra532_lab1_package/share/fra532_lab1_package/environment/pythonpath.sh
-- Installing: /home/talae/FRA532_LAB1_ws/install/fra532_lab1_package/share/fra532_lab1_package/environment/pythonpath.dsv
-- Installing: /home/talae/FRA532_LAB1_ws/install/fra532_lab1_package/local/lib/python3.10/dist-packages/fra532_lab1_package-0.0.0-py3.10.egg-info
-- Installing: /home/talae/FRA532_LAB1_ws/install/fra532_lab1_package/local/lib/python3.10/dist-packages/fra532_lab1_package-0.0.0-py3.10.egg-info/PKG-INFO
-- Installing: /home/talae/FRA532_LAB1_ws/install/fra532_lab1_package/local/lib/python3.10/dist-packages/fra532_lab1_package-0.0.0-py3.10.egg-info/dependency_links.txt
-- Installing: /home/talae/FRA532_LAB1_ws/install/fra532_lab1_package/local/lib/python3.10/dist-packages/fra532_lab1_package-0.0.0-py3.10.egg-info/SOURCES.txt
-- Installing: /home/talae/FRA532_LAB1_ws/install/fra532_lab1_package/local/lib/python3.10/dist-packages/fra532_lab1_package-0.0.0-py3.10.egg-info/top_level.txt
-- Installing: /home/talae/FRA532_LAB1_ws/install/fra532_lab1_package/local/lib/python3.10/dist-packages/fra532_lab1_package
-- Installing: /home/talae/FRA532_LAB1_ws/install/fra532_lab1_package/local/lib/python3.10/dist-packages/fra532_lab1_package/dummy_module.py
-- Installing: /home/talae/FRA532_LAB1_ws/install/fra532_lab1_package/local/lib/python3.10/dist-packages/fra532_lab1_package/__init__.py
-- Installing: /home/talae/FRA532_LAB1_ws/install/fra532_lab1_package/local/lib/python3.10/dist-packages/fra532_lab1_package/utils.py
Listing '/home/talae/FRA532_LAB1_ws/install/fra532_lab1_package/local/lib/python3.10/dist-packages/fra532_lab1_package'...
Compiling '/home/talae/FRA532_LAB1_ws/install/fra532_lab1_package/local/lib/python3.10/dist-packages/fra532_lab1_package/__init__.py'...
Compiling '/home/talae/FRA532_LAB1_ws/install/fra532_lab1_package/local/lib/python3.10/dist-packages/fra532_lab1_package/dummy_module.py'...
Compiling '/home/talae/FRA532_LAB1_ws/install/fra532_lab1_package/local/lib/python3.10/dist-packages/fra532_lab1_package/utils.py'...
-- Installing: /home/talae/FRA532_LAB1_ws/install/fra532_lab1_package/lib/fra532_lab1_package/dummy_script.py
-- Installing: /home/talae/FRA532_LAB1_ws/install/fra532_lab1_package/lib/fra532_lab1_package/eval_node.py
-- Installing: /home/talae/FRA532_LAB1_ws/install/fra532_lab1_package/lib/fra532_lab1_package/wheel_odom_node.py
-- Installing: /home/talae/FRA532_LAB1_ws/install/fra532_lab1_package/lib/fra532_lab1_package/cpp_node_test
-- Set runtime path of "/home/talae/FRA532_LAB1_ws/install/fra532_lab1_package/lib/fra532_lab1_package/cpp_node_test" to ""
-- Installing: /home/talae/FRA532_LAB1_ws/install/fra532_lab1_package/share/fra532_lab1_package/config
-- Installing: /home/talae/FRA532_LAB1_ws/install/fra532_lab1_package/share/fra532_lab1_package/config/0_wheel_odom_config.rviz
-- Installing: /home/talae/FRA532_LAB1_ws/install/fra532_lab1_package/share/fra532_lab1_package/dataset
-- Installing: /home/talae/FRA532_LAB1_ws/install/fra532_lab1_package/share/fra532_lab1_package/dataset/fibo_floor3_seq00
-- Installing: /home/talae/FRA532_LAB1_ws/install/fra532_lab1_package/share/fra532_lab1_package/dataset/fibo_floor3_seq00/fibo_floor3_seq00_0.db3
-- Installing: /home/talae/FRA532_LAB1_ws/install/fra532_lab1_package/share/fra532_lab1_package/dataset/fibo_floor3_seq00/metadata.yaml
-- Installing: /home/talae/FRA532_LAB1_ws/install/fra532_lab1_package/share/fra532_lab1_package/dataset/fibo_floor3_seq01
-- Installing: /home/talae/FRA532_LAB1_ws/install/fra532_lab1_package/share/fra532_lab1_package/dataset/fibo_floor3_seq01/metadata.yaml
-- Installing: /home/talae/FRA532_LAB1_ws/install/fra532_lab1_package/share/fra532_lab1_package/dataset/fibo_floor3_seq01/fibo_floor3_seq01_0.db3
-- Installing: /home/talae/FRA532_LAB1_ws/install/fra532_lab1_package/share/fra532_lab1_package/dataset/fibo_floor3_seq02
-- Installing: /home/talae/FRA532_LAB1_ws/install/fra532_lab1_package/share/fra532_lab1_package/dataset/fibo_floor3_seq02/metadata.yaml
-- Installing: /home/talae/FRA532_LAB1_ws/install/fra532_lab1_package/share/fra532_lab1_package/dataset/fibo_floor3_seq02/fibo_floor3_seq02_0.db3
-- Installing: /home/talae/FRA532_LAB1_ws/install/fra532_lab1_package/share/fra532_lab1_package/launch
-- Installing: /home/talae/FRA532_LAB1_ws/install/fra532_lab1_package/share/fra532_lab1_package/launch/0_wheel_odom.launch.py
-- Installing: /home/talae/FRA532_LAB1_ws/install/fra532_lab1_package/share/fra532_lab1_package/launch/1_EKF_odom.launch.py
-- Installing: /home/talae/FRA532_LAB1_ws/install/fra532_lab1_package/share/fra532_lab1_package/launch/2_ICP_odom.launch.py
-- Installing: /home/talae/FRA532_LAB1_ws/install/fra532_lab1_package/share/ament_index/resource_index/package_run_dependencies/fra532_lab1_package
-- Installing: /home/talae/FRA532_LAB1_ws/install/fra532_lab1_package/share/ament_index/resource_index/parent_prefix_path/fra532_lab1_package
-- Installing: /home/talae/FRA532_LAB1_ws/install/fra532_lab1_package/share/fra532_lab1_package/environment/ament_prefix_path.sh
-- Installing: /home/talae/FRA532_LAB1_ws/install/fra532_lab1_package/share/fra532_lab1_package/environment/ament_prefix_path.dsv
-- Installing: /home/talae/FRA532_LAB1_ws/install/fra532_lab1_package/share/fra532_lab1_package/environment/path.sh
-- Installing: /home/talae/FRA532_LAB1_ws/install/fra532_lab1_package/share/fra532_lab1_package/environment/path.dsv
-- Installing: /home/talae/FRA532_LAB1_ws/install/fra532_lab1_package/share/fra532_lab1_package/local_setup.bash
-- Installing: /home/talae/FRA532_LAB1_ws/install/fra532_lab1_package/share/fra532_lab1_package/local_setup.sh
-- Installing: /home/talae/FRA532_LAB1_ws/install/fra532_lab1_package/share/fra532_lab1_package/local_setup.zsh
-- Installing: /home/talae/FRA532_LAB1_ws/install/fra532_lab1_package/share/fra532_lab1_package/local_setup.dsv
-- Installing: /home/talae/FRA532_LAB1_ws/install/fra532_lab1_package/share/fra532_lab1_package/package.dsv
-- Installing: /home/talae/FRA532_LAB1_ws/install/fra532_lab1_package/share/ament_index/resource_index/packages/fra532_lab1_package
-- Installing: /home/talae/FRA532_LAB1_ws/install/fra532_lab1_package/share/fra532_lab1_package/cmake/fra532_lab1_packageConfig.cmake
-- Installing: /home/talae/FRA532_LAB1_ws/install/fra532_lab1_package/share/fra532_lab1_package/cmake/fra532_lab1_packageConfig-version.cmake
-- Installing: /home/talae/FRA532_LAB1_ws/install/fra532_lab1_package/share/fra532_lab1_package/package.xml
