[0.006s] Invoking command in '/home/talae/FRA532_LAB1_ws/build/fra532_lab1_package': CMAKE_PREFIX_PATH=${CMAKE_PREFIX_PATH}:/opt/ros/humble /usr/bin/cmake /home/talae/FRA532_LAB1_ws/src/fra532_lab1_package -DCMAKE_INSTALL_PREFIX=/home/talae/FRA532_LAB1_ws/install/fra532_lab1_package
[0.039s] -- The C compiler identification is GNU 11.4.0
[0.067s] -- The CXX compiler identification is GNU 11.4.0
[0.073s] -- Detecting C compiler ABI info
[0.116s] -- Detecting C compiler ABI info - done
[0.119s] -- Check for working C compiler: /usr/bin/cc - skipped
[0.119s] -- Detecting C compile features
[0.119s] -- Detecting C compile features - done
[0.121s] -- Detecting CXX compiler ABI info
[0.162s] -- Detecting CXX compiler ABI info - done
[0.165s] -- Check for working CXX compiler: /usr/bin/c++ - skipped
[0.165s] -- Detecting CXX compile features
[0.165s] -- Detecting CXX compile features - done
[0.167s] -- Found ament_cmake: 1.3.12 (/opt/ros/humble/share/ament_cmake/cmake)
[0.252s] -- Found Python3: /usr/bin/python3 (found version "3.10.12") found components: Interpreter 
[0.298s] -- Found rclcpp: 16.0.17 (/opt/ros/humble/share/rclcpp/cmake)
[0.318s] -- Found rosidl_generator_c: 3.1.8 (/opt/ros/humble/share/rosidl_generator_c/cmake)
[0.321s] -- Found rosidl_adapter: 3.1.8 (/opt/ros/humble/share/rosidl_adapter/cmake)
[0.325s] -- Found rosidl_generator_cpp: 3.1.8 (/opt/ros/humble/share/rosidl_generator_cpp/cmake)
[0.330s] -- Using all available rosidl_typesupport_c: rosidl_typesupport_fastrtps_c;rosidl_typesupport_introspection_c
[0.338s] -- Using all available rosidl_typesupport_cpp: rosidl_typesupport_fastrtps_cpp;rosidl_typesupport_introspection_cpp
[0.357s] -- Found rmw_implementation_cmake: 6.1.2 (/opt/ros/humble/share/rmw_implementation_cmake/cmake)
[0.359s] -- Found rmw_fastrtps_cpp: 6.2.9 (/opt/ros/humble/share/rmw_fastrtps_cpp/cmake)
[0.409s] -- Found OpenSSL: /usr/lib/x86_64-linux-gnu/libcrypto.so (found version "3.0.2")  
[0.423s] -- Found FastRTPS: /opt/ros/humble/include  
[0.446s] -- Using RMW implementation 'rmw_fastrtps_cpp' as default
[0.449s] -- Looking for pthread.h
[0.498s] -- Looking for pthread.h - found
[0.498s] -- Performing Test CMAKE_HAVE_LIBC_PTHREAD
[0.543s] -- Performing Test CMAKE_HAVE_LIBC_PTHREAD - Success
[0.544s] -- Found Threads: TRUE  
[0.566s] -- Found rclpy: 3.3.19 (/opt/ros/humble/share/rclpy/cmake)
[0.638s] -- Configuring done
[0.641s] -- Generating done
[0.643s] -- Build files have been written to: /home/talae/FRA532_LAB1_ws/build/fra532_lab1_package
[0.647s] Invoked command in '/home/talae/FRA532_LAB1_ws/build/fra532_lab1_package' returned '0': CMAKE_PREFIX_PATH=${CMAKE_PREFIX_PATH}:/opt/ros/humble /usr/bin/cmake /home/talae/FRA532_LAB1_ws/src/fra532_lab1_package -DCMAKE_INSTALL_PREFIX=/home/talae/FRA532_LAB1_ws/install/fra532_lab1_package
[0.648s] Invoking command in '/home/talae/FRA532_LAB1_ws/build/fra532_lab1_package': CMAKE_PREFIX_PATH=${CMAKE_PREFIX_PATH}:/opt/ros/humble /usr/bin/cmake --build /home/talae/FRA532_LAB1_ws/build/fra532_lab1_package -- -j20 -l20
[0.678s] [ 50%] [32mBuilding CXX object CMakeFiles/cpp_node_test.dir/src/cpp_node.cpp.o[0m
[0.681s] [ 50%] Built target ament_cmake_python_copy_fra532_lab1_package
[0.786s] [100%] [32m[1mLinking CXX executable cpp_node_test[0m
[0.786s] running egg_info
[0.787s] creating fra532_lab1_package.egg-info
[0.787s] writing fra532_lab1_package.egg-info/PKG-INFO
[0.787s] writing dependency_links to fra532_lab1_package.egg-info/dependency_links.txt
[0.787s] writing top-level names to fra532_lab1_package.egg-info/top_level.txt
[0.787s] writing manifest file 'fra532_lab1_package.egg-info/SOURCES.txt'
[0.788s] reading manifest file 'fra532_lab1_package.egg-info/SOURCES.txt'
[0.788s] writing manifest file 'fra532_lab1_package.egg-info/SOURCES.txt'
[0.802s] [100%] Built target ament_cmake_python_build_fra532_lab1_package_egg
[0.838s] [100%] Built target cpp_node_test
[0.845s] Invoked command in '/home/talae/FRA532_LAB1_ws/build/fra532_lab1_package' returned '0': CMAKE_PREFIX_PATH=${CMAKE_PREFIX_PATH}:/opt/ros/humble /usr/bin/cmake --build /home/talae/FRA532_LAB1_ws/build/fra532_lab1_package -- -j20 -l20
[0.850s] Invoking command in '/home/talae/FRA532_LAB1_ws/build/fra532_lab1_package': CMAKE_PREFIX_PATH=${CMAKE_PREFIX_PATH}:/opt/ros/humble /usr/bin/cmake --install /home/talae/FRA532_LAB1_ws/build/fra532_lab1_package
[0.854s] -- Install configuration: ""
[0.854s] -- Installing: /home/talae/FRA532_LAB1_ws/install/fra532_lab1_package/share/fra532_lab1_package/environment/pythonpath.sh
[0.854s] -- Installing: /home/talae/FRA532_LAB1_ws/install/fra532_lab1_package/share/fra532_lab1_package/environment/pythonpath.dsv
[0.854s] -- Installing: /home/talae/FRA532_LAB1_ws/install/fra532_lab1_package/local/lib/python3.10/dist-packages/fra532_lab1_package-0.0.0-py3.10.egg-info
[0.854s] -- Installing: /home/talae/FRA532_LAB1_ws/install/fra532_lab1_package/local/lib/python3.10/dist-packages/fra532_lab1_package-0.0.0-py3.10.egg-info/PKG-INFO
[0.854s] -- Installing: /home/talae/FRA532_LAB1_ws/install/fra532_lab1_package/local/lib/python3.10/dist-packages/fra532_lab1_package-0.0.0-py3.10.egg-info/dependency_links.txt
[0.854s] -- Installing: /home/talae/FRA532_LAB1_ws/install/fra532_lab1_package/local/lib/python3.10/dist-packages/fra532_lab1_package-0.0.0-py3.10.egg-info/SOURCES.txt
[0.854s] -- Installing: /home/talae/FRA532_LAB1_ws/install/fra532_lab1_package/local/lib/python3.10/dist-packages/fra532_lab1_package-0.0.0-py3.10.egg-info/top_level.txt
[0.854s] -- Installing: /home/talae/FRA532_LAB1_ws/install/fra532_lab1_package/local/lib/python3.10/dist-packages/fra532_lab1_package
[0.854s] -- Installing: /home/talae/FRA532_LAB1_ws/install/fra532_lab1_package/local/lib/python3.10/dist-packages/fra532_lab1_package/dummy_module.py
[0.854s] -- Installing: /home/talae/FRA532_LAB1_ws/install/fra532_lab1_package/local/lib/python3.10/dist-packages/fra532_lab1_package/__init__.py
[0.854s] -- Installing: /home/talae/FRA532_LAB1_ws/install/fra532_lab1_package/local/lib/python3.10/dist-packages/fra532_lab1_package/utils.py
[0.874s] Listing '/home/talae/FRA532_LAB1_ws/install/fra532_lab1_package/local/lib/python3.10/dist-packages/fra532_lab1_package'...
[0.874s] Compiling '/home/talae/FRA532_LAB1_ws/install/fra532_lab1_package/local/lib/python3.10/dist-packages/fra532_lab1_package/__init__.py'...
[0.874s] Compiling '/home/talae/FRA532_LAB1_ws/install/fra532_lab1_package/local/lib/python3.10/dist-packages/fra532_lab1_package/dummy_module.py'...
[0.874s] Compiling '/home/talae/FRA532_LAB1_ws/install/fra532_lab1_package/local/lib/python3.10/dist-packages/fra532_lab1_package/utils.py'...
[0.876s] -- Installing: /home/talae/FRA532_LAB1_ws/install/fra532_lab1_package/lib/fra532_lab1_package/dummy_script.py
[0.876s] -- Installing: /home/talae/FRA532_LAB1_ws/install/fra532_lab1_package/lib/fra532_lab1_package/eval_node.py
[0.876s] -- Installing: /home/talae/FRA532_LAB1_ws/install/fra532_lab1_package/lib/fra532_lab1_package/wheel_odom_node.py
[0.876s] -- Installing: /home/talae/FRA532_LAB1_ws/install/fra532_lab1_package/lib/fra532_lab1_package/cpp_node_test
[0.876s] -- Set runtime path of "/home/talae/FRA532_LAB1_ws/install/fra532_lab1_package/lib/fra532_lab1_package/cpp_node_test" to ""
[0.876s] -- Installing: /home/talae/FRA532_LAB1_ws/install/fra532_lab1_package/share/fra532_lab1_package/config
[0.876s] -- Installing: /home/talae/FRA532_LAB1_ws/install/fra532_lab1_package/share/fra532_lab1_package/config/0_wheel_odom_config.rviz
[0.876s] -- Installing: /home/talae/FRA532_LAB1_ws/install/fra532_lab1_package/share/fra532_lab1_package/dataset
[0.876s] -- Installing: /home/talae/FRA532_LAB1_ws/install/fra532_lab1_package/share/fra532_lab1_package/dataset/fibo_floor3_seq00
[0.876s] -- Installing: /home/talae/FRA532_LAB1_ws/install/fra532_lab1_package/share/fra532_lab1_package/dataset/fibo_floor3_seq00/fibo_floor3_seq00_0.db3
[0.881s] -- Installing: /home/talae/FRA532_LAB1_ws/install/fra532_lab1_package/share/fra532_lab1_package/dataset/fibo_floor3_seq00/metadata.yaml
[0.881s] -- Installing: /home/talae/FRA532_LAB1_ws/install/fra532_lab1_package/share/fra532_lab1_package/dataset/fibo_floor3_seq01
[0.881s] -- Installing: /home/talae/FRA532_LAB1_ws/install/fra532_lab1_package/share/fra532_lab1_package/dataset/fibo_floor3_seq01/metadata.yaml
[0.881s] -- Installing: /home/talae/FRA532_LAB1_ws/install/fra532_lab1_package/share/fra532_lab1_package/dataset/fibo_floor3_seq01/fibo_floor3_seq01_0.db3
[0.886s] -- Installing: /home/talae/FRA532_LAB1_ws/install/fra532_lab1_package/share/fra532_lab1_package/dataset/fibo_floor3_seq02
[0.886s] -- Installing: /home/talae/FRA532_LAB1_ws/install/fra532_lab1_package/share/fra532_lab1_package/dataset/fibo_floor3_seq02/metadata.yaml
[0.887s] -- Installing: /home/talae/FRA532_LAB1_ws/install/fra532_lab1_package/share/fra532_lab1_package/dataset/fibo_floor3_seq02/fibo_floor3_seq02_0.db3
[0.892s] -- Installing: /home/talae/FRA532_LAB1_ws/install/fra532_lab1_package/share/fra532_lab1_package/launch
[0.893s] -- Installing: /home/talae/FRA532_LAB1_ws/install/fra532_lab1_package/share/fra532_lab1_package/launch/0_wheel_odom.launch.py
[0.893s] -- Installing: /home/talae/FRA532_LAB1_ws/install/fra532_lab1_package/share/fra532_lab1_package/launch/1_EKF_odom.launch.py
[0.893s] -- Installing: /home/talae/FRA532_LAB1_ws/install/fra532_lab1_package/share/fra532_lab1_package/launch/2_ICP_odom.launch.py
[0.893s] -- Installing: /home/talae/FRA532_LAB1_ws/install/fra532_lab1_package/share/ament_index/resource_index/package_run_dependencies/fra532_lab1_package
[0.893s] -- Installing: /home/talae/FRA532_LAB1_ws/install/fra532_lab1_package/share/ament_index/resource_index/parent_prefix_path/fra532_lab1_package
[0.893s] -- Installing: /home/talae/FRA532_LAB1_ws/install/fra532_lab1_package/share/fra532_lab1_package/environment/ament_prefix_path.sh
[0.893s] -- Installing: /home/talae/FRA532_LAB1_ws/install/fra532_lab1_package/share/fra532_lab1_package/environment/ament_prefix_path.dsv
[0.893s] -- Installing: /home/talae/FRA532_LAB1_ws/install/fra532_lab1_package/share/fra532_lab1_package/environment/path.sh
[0.893s] -- Installing: /home/talae/FRA532_LAB1_ws/install/fra532_lab1_package/share/fra532_lab1_package/environment/path.dsv
[0.893s] -- Installing: /home/talae/FRA532_LAB1_ws/install/fra532_lab1_package/share/fra532_lab1_package/local_setup.bash
[0.893s] -- Installing: /home/talae/FRA532_LAB1_ws/install/fra532_lab1_package/share/fra532_lab1_package/local_setup.sh
[0.893s] -- Installing: /home/talae/FRA532_LAB1_ws/install/fra532_lab1_package/share/fra532_lab1_package/local_setup.zsh
[0.893s] -- Installing: /home/talae/FRA532_LAB1_ws/install/fra532_lab1_package/share/fra532_lab1_package/local_setup.dsv
[0.893s] -- Installing: /home/talae/FRA532_LAB1_ws/install/fra532_lab1_package/share/fra532_lab1_package/package.dsv
[0.893s] -- Installing: /home/talae/FRA532_LAB1_ws/install/fra532_lab1_package/share/ament_index/resource_index/packages/fra532_lab1_package
[0.893s] -- Installing: /home/talae/FRA532_LAB1_ws/install/fra532_lab1_package/share/fra532_lab1_package/cmake/fra532_lab1_packageConfig.cmake
[0.893s] -- Installing: /home/talae/FRA532_LAB1_ws/install/fra532_lab1_package/share/fra532_lab1_package/cmake/fra532_lab1_packageConfig-version.cmake
[0.893s] -- Installing: /home/talae/FRA532_LAB1_ws/install/fra532_lab1_package/share/fra532_lab1_package/package.xml
[0.895s] Invoked command in '/home/talae/FRA532_LAB1_ws/build/fra532_lab1_package' returned '0': CMAKE_PREFIX_PATH=${CMAKE_PREFIX_PATH}:/opt/ros/humble /usr/bin/cmake --install /home/talae/FRA532_LAB1_ws/build/fra532_lab1_package
