[0.009s] Invoking command in '/home/talae/FRA532_LAB1_ws/build/fra532_lab1_package': CMAKE_PREFIX_PATH=${CMAKE_PREFIX_PATH}:/opt/ros/humble /usr/bin/cmake --build /home/talae/FRA532_LAB1_ws/build/fra532_lab1_package -- -j20 -l20
[0.023s] -- Found ament_cmake: 1.3.12 (/opt/ros/humble/share/ament_cmake/cmake)
[0.103s] -- Found rclcpp: 16.0.17 (/opt/ros/humble/share/rclcpp/cmake)
[0.114s] -- Found rosidl_generator_c: 3.1.8 (/opt/ros/humble/share/rosidl_generator_c/cmake)
[0.115s] -- Found rosidl_adapter: 3.1.8 (/opt/ros/humble/share/rosidl_adapter/cmake)
[0.118s] -- Found rosidl_generator_cpp: 3.1.8 (/opt/ros/humble/share/rosidl_generator_cpp/cmake)
[0.122s] -- Using all available rosidl_typesupport_c: rosidl_typesupport_fastrtps_c;rosidl_typesupport_introspection_c
[0.127s] -- Using all available rosidl_typesupport_cpp: rosidl_typesupport_fastrtps_cpp;rosidl_typesupport_introspection_cpp
[0.140s] -- Found rmw_implementation_cmake: 6.1.2 (/opt/ros/humble/share/rmw_implementation_cmake/cmake)
[0.140s] -- Found rmw_fastrtps_cpp: 6.2.9 (/opt/ros/humble/share/rmw_fastrtps_cpp/cmake)
[0.190s] -- Using RMW implementation 'rmw_fastrtps_cpp' as default
[0.211s] -- Found rclpy: 3.3.19 (/opt/ros/humble/share/rclpy/cmake)
[0.270s] -- Configuring done
[0.274s] -- Generating done
[0.275s] -- Build files have been written to: /home/talae/FRA532_LAB1_ws/build/fra532_lab1_package
[0.293s] [35m[1mConsolidate compiler generated dependencies of target cpp_node_test[0m
[0.303s] [100%] Built target cpp_node_test
[0.305s] [100%] Built target ament_cmake_python_copy_fra532_lab1_package
[0.414s] running egg_info
[0.414s] writing fra532_lab1_package.egg-info/PKG-INFO
[0.414s] writing dependency_links to fra532_lab1_package.egg-info/dependency_links.txt
[0.414s] writing top-level names to fra532_lab1_package.egg-info/top_level.txt
[0.415s] reading manifest file 'fra532_lab1_package.egg-info/SOURCES.txt'
[0.415s] writing manifest file 'fra532_lab1_package.egg-info/SOURCES.txt'
[0.431s] [100%] Built target ament_cmake_python_build_fra532_lab1_package_egg
[0.437s] Invoked command in '/home/talae/FRA532_LAB1_ws/build/fra532_lab1_package' returned '0': CMAKE_PREFIX_PATH=${CMAKE_PREFIX_PATH}:/opt/ros/humble /usr/bin/cmake --build /home/talae/FRA532_LAB1_ws/build/fra532_lab1_package -- -j20 -l20
[0.443s] Invoking command in '/home/talae/FRA532_LAB1_ws/build/fra532_lab1_package': CMAKE_PREFIX_PATH=${CMAKE_PREFIX_PATH}:/opt/ros/humble /usr/bin/cmake --install /home/talae/FRA532_LAB1_ws/build/fra532_lab1_package
[0.447s] -- Install configuration: ""
[0.447s] -- Up-to-date: /home/talae/FRA532_LAB1_ws/install/fra532_lab1_package/share/fra532_lab1_package/environment/pythonpath.sh
[0.447s] -- Installing: /home/talae/FRA532_LAB1_ws/install/fra532_lab1_package/share/fra532_lab1_package/environment/pythonpath.dsv
[0.447s] -- Up-to-date: /home/talae/FRA532_LAB1_ws/install/fra532_lab1_package/local/lib/python3.10/dist-packages/fra532_lab1_package-0.0.0-py3.10.egg-info
[0.447s] -- Installing: /home/talae/FRA532_LAB1_ws/install/fra532_lab1_package/local/lib/python3.10/dist-packages/fra532_lab1_package-0.0.0-py3.10.egg-info/PKG-INFO
[0.447s] -- Installing: /home/talae/FRA532_LAB1_ws/install/fra532_lab1_package/local/lib/python3.10/dist-packages/fra532_lab1_package-0.0.0-py3.10.egg-info/dependency_links.txt
[0.447s] -- Installing: /home/talae/FRA532_LAB1_ws/install/fra532_lab1_package/local/lib/python3.10/dist-packages/fra532_lab1_package-0.0.0-py3.10.egg-info/SOURCES.txt
[0.447s] -- Installing: /home/talae/FRA532_LAB1_ws/install/fra532_lab1_package/local/lib/python3.10/dist-packages/fra532_lab1_package-0.0.0-py3.10.egg-info/top_level.txt
[0.447s] -- Up-to-date: /home/talae/FRA532_LAB1_ws/install/fra532_lab1_package/local/lib/python3.10/dist-packages/fra532_lab1_package
[0.447s] -- Up-to-date: /home/talae/FRA532_LAB1_ws/install/fra532_lab1_package/local/lib/python3.10/dist-packages/fra532_lab1_package/dummy_module.py
[0.447s] -- Up-to-date: /home/talae/FRA532_LAB1_ws/install/fra532_lab1_package/local/lib/python3.10/dist-packages/fra532_lab1_package/__init__.py
[0.447s] -- Up-to-date: /home/talae/FRA532_LAB1_ws/install/fra532_lab1_package/local/lib/python3.10/dist-packages/fra532_lab1_package/utils.py
[0.463s] Listing '/home/talae/FRA532_LAB1_ws/install/fra532_lab1_package/local/lib/python3.10/dist-packages/fra532_lab1_package'...
[0.465s] -- Up-to-date: /home/talae/FRA532_LAB1_ws/install/fra532_lab1_package/lib/fra532_lab1_package/dummy_script.py
[0.465s] -- Up-to-date: /home/talae/FRA532_LAB1_ws/install/fra532_lab1_package/lib/fra532_lab1_package/wheel_odom_node.py
[0.465s] -- Up-to-date: /home/talae/FRA532_LAB1_ws/install/fra532_lab1_package/lib/fra532_lab1_package/cpp_node_test
[0.465s] -- Installing: /home/talae/FRA532_LAB1_ws/install/fra532_lab1_package/share/fra532_lab1_package/config
[0.465s] -- Installing: /home/talae/FRA532_LAB1_ws/install/fra532_lab1_package/share/fra532_lab1_package/config/one_method_config.rviz
[0.465s] -- Installing: /home/talae/FRA532_LAB1_ws/install/fra532_lab1_package/share/fra532_lab1_package/dataset
[0.465s] -- Installing: /home/talae/FRA532_LAB1_ws/install/fra532_lab1_package/share/fra532_lab1_package/dataset/fibo_floor3_seq00
[0.465s] -- Installing: /home/talae/FRA532_LAB1_ws/install/fra532_lab1_package/share/fra532_lab1_package/dataset/fibo_floor3_seq00/fibo_floor3_seq00_0.db3
[0.472s] -- Installing: /home/talae/FRA532_LAB1_ws/install/fra532_lab1_package/share/fra532_lab1_package/dataset/fibo_floor3_seq00/metadata.yaml
[0.472s] -- Installing: /home/talae/FRA532_LAB1_ws/install/fra532_lab1_package/share/fra532_lab1_package/dataset/fibo_floor3_seq01
[0.472s] -- Installing: /home/talae/FRA532_LAB1_ws/install/fra532_lab1_package/share/fra532_lab1_package/dataset/fibo_floor3_seq01/metadata.yaml
[0.472s] -- Installing: /home/talae/FRA532_LAB1_ws/install/fra532_lab1_package/share/fra532_lab1_package/dataset/fibo_floor3_seq01/fibo_floor3_seq01_0.db3
[0.476s] -- Installing: /home/talae/FRA532_LAB1_ws/install/fra532_lab1_package/share/fra532_lab1_package/dataset/fibo_floor3_seq02
[0.476s] -- Installing: /home/talae/FRA532_LAB1_ws/install/fra532_lab1_package/share/fra532_lab1_package/dataset/fibo_floor3_seq02/metadata.yaml
[0.476s] -- Installing: /home/talae/FRA532_LAB1_ws/install/fra532_lab1_package/share/fra532_lab1_package/dataset/fibo_floor3_seq02/fibo_floor3_seq02_0.db3
[0.483s] -- Up-to-date: /home/talae/FRA532_LAB1_ws/install/fra532_lab1_package/share/fra532_lab1_package/launch
[0.483s] -- Installing: /home/talae/FRA532_LAB1_ws/install/fra532_lab1_package/share/fra532_lab1_package/launch/one_method.launch.py
[0.483s] -- Up-to-date: /home/talae/FRA532_LAB1_ws/install/fra532_lab1_package/share/ament_index/resource_index/package_run_dependencies/fra532_lab1_package
[0.483s] -- Installing: /home/talae/FRA532_LAB1_ws/install/fra532_lab1_package/share/ament_index/resource_index/parent_prefix_path/fra532_lab1_package
[0.483s] -- Up-to-date: /home/talae/FRA532_LAB1_ws/install/fra532_lab1_package/share/fra532_lab1_package/environment/ament_prefix_path.sh
[0.483s] -- Installing: /home/talae/FRA532_LAB1_ws/install/fra532_lab1_package/share/fra532_lab1_package/environment/ament_prefix_path.dsv
[0.483s] -- Up-to-date: /home/talae/FRA532_LAB1_ws/install/fra532_lab1_package/share/fra532_lab1_package/environment/path.sh
[0.483s] -- Installing: /home/talae/FRA532_LAB1_ws/install/fra532_lab1_package/share/fra532_lab1_package/environment/path.dsv
[0.484s] -- Up-to-date: /home/talae/FRA532_LAB1_ws/install/fra532_lab1_package/share/fra532_lab1_package/local_setup.bash
[0.484s] -- Up-to-date: /home/talae/FRA532_LAB1_ws/install/fra532_lab1_package/share/fra532_lab1_package/local_setup.sh
[0.484s] -- Up-to-date: /home/talae/FRA532_LAB1_ws/install/fra532_lab1_package/share/fra532_lab1_package/local_setup.zsh
[0.484s] -- Installing: /home/talae/FRA532_LAB1_ws/install/fra532_lab1_package/share/fra532_lab1_package/local_setup.dsv
[0.484s] -- Installing: /home/talae/FRA532_LAB1_ws/install/fra532_lab1_package/share/fra532_lab1_package/package.dsv
[0.484s] -- Up-to-date: /home/talae/FRA532_LAB1_ws/install/fra532_lab1_package/share/ament_index/resource_index/packages/fra532_lab1_package
[0.484s] -- Up-to-date: /home/talae/FRA532_LAB1_ws/install/fra532_lab1_package/share/fra532_lab1_package/cmake/fra532_lab1_packageConfig.cmake
[0.484s] -- Up-to-date: /home/talae/FRA532_LAB1_ws/install/fra532_lab1_package/share/fra532_lab1_package/cmake/fra532_lab1_packageConfig-version.cmake
[0.484s] -- Up-to-date: /home/talae/FRA532_LAB1_ws/install/fra532_lab1_package/share/fra532_lab1_package/package.xml
[0.485s] Invoked command in '/home/talae/FRA532_LAB1_ws/build/fra532_lab1_package' returned '0': CMAKE_PREFIX_PATH=${CMAKE_PREFIX_PATH}:/opt/ros/humble /usr/bin/cmake --install /home/talae/FRA532_LAB1_ws/build/fra532_lab1_package
