[0.005s] Invoking command in '/home/talae/FRA532_LAB1_ws/build/fra532_lab1_package': CMAKE_PREFIX_PATH=${CMAKE_PREFIX_PATH}:/opt/ros/humble /usr/bin/cmake /home/talae/FRA532_LAB1_ws/src/fra532_lab1_package -DCMAKE_INSTALL_PREFIX=/home/talae/FRA532_LAB1_ws/install/fra532_lab1_package
[0.073s] -- The C compiler identification is GNU 11.4.0
[0.125s] -- The CXX compiler identification is GNU 11.4.0
[0.131s] -- Detecting C compiler ABI info
[0.175s] -- Detecting C compiler ABI info - done
[0.177s] -- Check for working C compiler: /usr/bin/cc - skipped
[0.177s] -- Detecting C compile features
[0.177s] -- Detecting C compile features - done
[0.179s] -- Detecting CXX compiler ABI info
[0.220s] -- Detecting CXX compiler ABI info - done
[0.222s] -- Check for working CXX compiler: /usr/bin/c++ - skipped
[0.223s] -- Detecting CXX compile features
[0.223s] -- Detecting CXX compile features - done
[0.228s] -- Found ament_cmake: 1.3.12 (/opt/ros/humble/share/ament_cmake/cmake)
[0.314s] -- Found Python3: /usr/bin/python3 (found version "3.10.12") found components: Interpreter 
[0.368s] -- Found rclcpp: 16.0.17 (/opt/ros/humble/share/rclcpp/cmake)
[0.403s] -- Found rosidl_generator_c: 3.1.8 (/opt/ros/humble/share/rosidl_generator_c/cmake)
[0.406s] -- Found rosidl_adapter: 3.1.8 (/opt/ros/humble/share/rosidl_adapter/cmake)
[0.412s] -- Found rosidl_generator_cpp: 3.1.8 (/opt/ros/humble/share/rosidl_generator_cpp/cmake)
[0.421s] -- Using all available rosidl_typesupport_c: rosidl_typesupport_fastrtps_c;rosidl_typesupport_introspection_c
[0.430s] -- Using all available rosidl_typesupport_cpp: rosidl_typesupport_fastrtps_cpp;rosidl_typesupport_introspection_cpp
[0.458s] -- Found rmw_implementation_cmake: 6.1.2 (/opt/ros/humble/share/rmw_implementation_cmake/cmake)
[0.460s] -- Found rmw_fastrtps_cpp: 6.2.9 (/opt/ros/humble/share/rmw_fastrtps_cpp/cmake)
[0.521s] -- Found OpenSSL: /usr/lib/x86_64-linux-gnu/libcrypto.so (found version "3.0.2")  
[0.536s] -- Found FastRTPS: /opt/ros/humble/include  
[0.555s] -- Using RMW implementation 'rmw_fastrtps_cpp' as default
[0.561s] -- Looking for pthread.h
[0.609s] -- Looking for pthread.h - found
[0.609s] -- Performing Test CMAKE_HAVE_LIBC_PTHREAD
[0.656s] -- Performing Test CMAKE_HAVE_LIBC_PTHREAD - Success
[0.656s] -- Found Threads: TRUE  
[0.687s] -- Found rclpy: 3.3.19 (/opt/ros/humble/share/rclpy/cmake)
[0.757s] -- Configuring done
[0.761s] -- Generating done
[0.762s] -- Build files have been written to: /home/talae/FRA532_LAB1_ws/build/fra532_lab1_package
[0.767s] Invoked command in '/home/talae/FRA532_LAB1_ws/build/fra532_lab1_package' returned '0': CMAKE_PREFIX_PATH=${CMAKE_PREFIX_PATH}:/opt/ros/humble /usr/bin/cmake /home/talae/FRA532_LAB1_ws/src/fra532_lab1_package -DCMAKE_INSTALL_PREFIX=/home/talae/FRA532_LAB1_ws/install/fra532_lab1_package
[0.768s] Invoking command in '/home/talae/FRA532_LAB1_ws/build/fra532_lab1_package': CMAKE_PREFIX_PATH=${CMAKE_PREFIX_PATH}:/opt/ros/humble /usr/bin/cmake --build /home/talae/FRA532_LAB1_ws/build/fra532_lab1_package -- -j20 -l20
[0.797s] [ 50%] [32mBuilding CXX object CMakeFiles/cpp_node_test.dir/src/cpp_node.cpp.o[0m
[0.802s] [ 50%] Built target ament_cmake_python_copy_fra532_lab1_package
[0.905s] running egg_info
[0.905s] creating fra532_lab1_package.egg-info
[0.905s] writing fra532_lab1_package.egg-info/PKG-INFO
[0.905s] writing dependency_links to fra532_lab1_package.egg-info/dependency_links.txt
[0.905s] writing top-level names to fra532_lab1_package.egg-info/top_level.txt
[0.906s] writing manifest file 'fra532_lab1_package.egg-info/SOURCES.txt'
[0.907s] reading manifest file 'fra532_lab1_package.egg-info/SOURCES.txt'
[0.907s] writing manifest file 'fra532_lab1_package.egg-info/SOURCES.txt'
[0.926s] [ 50%] Built target ament_cmake_python_build_fra532_lab1_package_egg
[0.926s] [100%] [32m[1mLinking CXX executable cpp_node_test[0m
[0.983s] [100%] Built target cpp_node_test
[0.990s] Invoked command in '/home/talae/FRA532_LAB1_ws/build/fra532_lab1_package' returned '0': CMAKE_PREFIX_PATH=${CMAKE_PREFIX_PATH}:/opt/ros/humble /usr/bin/cmake --build /home/talae/FRA532_LAB1_ws/build/fra532_lab1_package -- -j20 -l20
[0.993s] Invoking command in '/home/talae/FRA532_LAB1_ws/build/fra532_lab1_package': CMAKE_PREFIX_PATH=${CMAKE_PREFIX_PATH}:/opt/ros/humble /usr/bin/cmake --install /home/talae/FRA532_LAB1_ws/build/fra532_lab1_package
[0.996s] -- Install configuration: ""
[0.996s] -- Installing: /home/talae/FRA532_LAB1_ws/install/fra532_lab1_package/share/fra532_lab1_package/environment/pythonpath.sh
[0.996s] -- Installing: /home/talae/FRA532_LAB1_ws/install/fra532_lab1_package/share/fra532_lab1_package/environment/pythonpath.dsv
[0.996s] -- Installing: /home/talae/FRA532_LAB1_ws/install/fra532_lab1_package/local/lib/python3.10/dist-packages/fra532_lab1_package-0.0.0-py3.10.egg-info
[0.996s] -- Installing: /home/talae/FRA532_LAB1_ws/install/fra532_lab1_package/local/lib/python3.10/dist-packages/fra532_lab1_package-0.0.0-py3.10.egg-info/PKG-INFO
[0.996s] -- Installing: /home/talae/FRA532_LAB1_ws/install/fra532_lab1_package/local/lib/python3.10/dist-packages/fra532_lab1_package-0.0.0-py3.10.egg-info/dependency_links.txt
[0.996s] -- Installing: /home/talae/FRA532_LAB1_ws/install/fra532_lab1_package/local/lib/python3.10/dist-packages/fra532_lab1_package-0.0.0-py3.10.egg-info/SOURCES.txt
[0.996s] -- Installing: /home/talae/FRA532_LAB1_ws/install/fra532_lab1_package/local/lib/python3.10/dist-packages/fra532_lab1_package-0.0.0-py3.10.egg-info/top_level.txt
[0.996s] -- Installing: /home/talae/FRA532_LAB1_ws/install/fra532_lab1_package/local/lib/python3.10/dist-packages/fra532_lab1_package
[0.996s] -- Installing: /home/talae/FRA532_LAB1_ws/install/fra532_lab1_package/local/lib/python3.10/dist-packages/fra532_lab1_package/dummy_module.py
[0.996s] -- Installing: /home/talae/FRA532_LAB1_ws/install/fra532_lab1_package/local/lib/python3.10/dist-packages/fra532_lab1_package/__init__.py
[1.014s] Listing '/home/talae/FRA532_LAB1_ws/install/fra532_lab1_package/local/lib/python3.10/dist-packages/fra532_lab1_package'...
[1.014s] Compiling '/home/talae/FRA532_LAB1_ws/install/fra532_lab1_package/local/lib/python3.10/dist-packages/fra532_lab1_package/__init__.py'...
[1.014s] Compiling '/home/talae/FRA532_LAB1_ws/install/fra532_lab1_package/local/lib/python3.10/dist-packages/fra532_lab1_package/dummy_module.py'...
[1.016s] -- Installing: /home/talae/FRA532_LAB1_ws/install/fra532_lab1_package/lib/fra532_lab1_package/dummy_script.py
[1.016s] -- Installing: /home/talae/FRA532_LAB1_ws/install/fra532_lab1_package/lib/fra532_lab1_package/cpp_node_test
[1.016s] -- Set runtime path of "/home/talae/FRA532_LAB1_ws/install/fra532_lab1_package/lib/fra532_lab1_package/cpp_node_test" to ""
[1.016s] -- Up-to-date: /home/talae/FRA532_LAB1_ws/install/fra532_lab1_package/share/fra532_lab1_package
[1.016s] -- Installing: /home/talae/FRA532_LAB1_ws/install/fra532_lab1_package/share/ament_index/resource_index/package_run_dependencies/fra532_lab1_package
[1.016s] -- Installing: /home/talae/FRA532_LAB1_ws/install/fra532_lab1_package/share/ament_index/resource_index/parent_prefix_path/fra532_lab1_package
[1.016s] -- Installing: /home/talae/FRA532_LAB1_ws/install/fra532_lab1_package/share/fra532_lab1_package/environment/ament_prefix_path.sh
[1.016s] -- Installing: /home/talae/FRA532_LAB1_ws/install/fra532_lab1_package/share/fra532_lab1_package/environment/ament_prefix_path.dsv
[1.016s] -- Installing: /home/talae/FRA532_LAB1_ws/install/fra532_lab1_package/share/fra532_lab1_package/environment/path.sh
[1.016s] -- Installing: /home/talae/FRA532_LAB1_ws/install/fra532_lab1_package/share/fra532_lab1_package/environment/path.dsv
[1.016s] -- Installing: /home/talae/FRA532_LAB1_ws/install/fra532_lab1_package/share/fra532_lab1_package/local_setup.bash
[1.016s] -- Installing: /home/talae/FRA532_LAB1_ws/install/fra532_lab1_package/share/fra532_lab1_package/local_setup.sh
[1.016s] -- Installing: /home/talae/FRA532_LAB1_ws/install/fra532_lab1_package/share/fra532_lab1_package/local_setup.zsh
[1.016s] -- Installing: /home/talae/FRA532_LAB1_ws/install/fra532_lab1_package/share/fra532_lab1_package/local_setup.dsv
[1.016s] -- Installing: /home/talae/FRA532_LAB1_ws/install/fra532_lab1_package/share/fra532_lab1_package/package.dsv
[1.016s] -- Installing: /home/talae/FRA532_LAB1_ws/install/fra532_lab1_package/share/ament_index/resource_index/packages/fra532_lab1_package
[1.016s] -- Installing: /home/talae/FRA532_LAB1_ws/install/fra532_lab1_package/share/fra532_lab1_package/cmake/fra532_lab1_packageConfig.cmake
[1.016s] -- Installing: /home/talae/FRA532_LAB1_ws/install/fra532_lab1_package/share/fra532_lab1_package/cmake/fra532_lab1_packageConfig-version.cmake
[1.016s] -- Installing: /home/talae/FRA532_LAB1_ws/install/fra532_lab1_package/share/fra532_lab1_package/package.xml
[1.017s] Invoked command in '/home/talae/FRA532_LAB1_ws/build/fra532_lab1_package' returned '0': CMAKE_PREFIX_PATH=${CMAKE_PREFIX_PATH}:/opt/ros/humble /usr/bin/cmake --install /home/talae/FRA532_LAB1_ws/build/fra532_lab1_package
