[0.006s] Invoking command in '/home/talae/FRA532_LAB1_ws/build/fra532_lab1_package': CMAKE_PREFIX_PATH=${CMAKE_PREFIX_PATH}:/opt/ros/humble /usr/bin/cmake --build /home/talae/FRA532_LAB1_ws/build/fra532_lab1_package -- -j20 -l20
[0.020s] -- Found ament_cmake: 1.3.12 (/opt/ros/humble/share/ament_cmake/cmake)
[0.082s] -- Found rclcpp: 16.0.17 (/opt/ros/humble/share/rclcpp/cmake)
[0.095s] -- Found rosidl_generator_c: 3.1.8 (/opt/ros/humble/share/rosidl_generator_c/cmake)
[0.095s] -- Found rosidl_adapter: 3.1.8 (/opt/ros/humble/share/rosidl_adapter/cmake)
[0.098s] -- Found rosidl_generator_cpp: 3.1.8 (/opt/ros/humble/share/rosidl_generator_cpp/cmake)
[0.102s] -- Using all available rosidl_typesupport_c: rosidl_typesupport_fastrtps_c;rosidl_typesupport_introspection_c
[0.107s] -- Using all available rosidl_typesupport_cpp: rosidl_typesupport_fastrtps_cpp;rosidl_typesupport_introspection_cpp
[0.120s] -- Found rmw_implementation_cmake: 6.1.2 (/opt/ros/humble/share/rmw_implementation_cmake/cmake)
[0.120s] -- Found rmw_fastrtps_cpp: 6.2.9 (/opt/ros/humble/share/rmw_fastrtps_cpp/cmake)
[0.172s] -- Using RMW implementation 'rmw_fastrtps_cpp' as default
[0.192s] -- Found rclpy: 3.3.19 (/opt/ros/humble/share/rclpy/cmake)
[0.260s] -- Configuring done
[0.260s] -- Generating done
[0.261s] -- Build files have been written to: /home/talae/FRA532_LAB1_ws/build/fra532_lab1_package
[0.284s] [35m[1mConsolidate compiler generated dependencies of target cpp_node_test[0m
[0.291s] [100%] Built target cpp_node_test
[0.294s] [100%] Built target ament_cmake_python_copy_fra532_lab1_package
[0.401s] running egg_info
[0.401s] writing fra532_lab1_package.egg-info/PKG-INFO
[0.401s] writing dependency_links to fra532_lab1_package.egg-info/dependency_links.txt
[0.401s] writing top-level names to fra532_lab1_package.egg-info/top_level.txt
[0.402s] reading manifest file 'fra532_lab1_package.egg-info/SOURCES.txt'
[0.403s] writing manifest file 'fra532_lab1_package.egg-info/SOURCES.txt'
[0.418s] [100%] Built target ament_cmake_python_build_fra532_lab1_package_egg
[0.424s] Invoked command in '/home/talae/FRA532_LAB1_ws/build/fra532_lab1_package' returned '0': CMAKE_PREFIX_PATH=${CMAKE_PREFIX_PATH}:/opt/ros/humble /usr/bin/cmake --build /home/talae/FRA532_LAB1_ws/build/fra532_lab1_package -- -j20 -l20
[0.429s] Invoking command in '/home/talae/FRA532_LAB1_ws/build/fra532_lab1_package': CMAKE_PREFIX_PATH=${CMAKE_PREFIX_PATH}:/opt/ros/humble /usr/bin/cmake --install /home/talae/FRA532_LAB1_ws/build/fra532_lab1_package
[0.432s] -- Install configuration: ""
[0.433s] -- Up-to-date: /home/talae/FRA532_LAB1_ws/install/fra532_lab1_package/share/fra532_lab1_package/environment/pythonpath.sh
[0.433s] -- Installing: /home/talae/FRA532_LAB1_ws/install/fra532_lab1_package/share/fra532_lab1_package/environment/pythonpath.dsv
[0.433s] -- Up-to-date: /home/talae/FRA532_LAB1_ws/install/fra532_lab1_package/local/lib/python3.10/dist-packages/fra532_lab1_package-0.0.0-py3.10.egg-info
[0.433s] -- Installing: /home/talae/FRA532_LAB1_ws/install/fra532_lab1_package/local/lib/python3.10/dist-packages/fra532_lab1_package-0.0.0-py3.10.egg-info/PKG-INFO
[0.433s] -- Installing: /home/talae/FRA532_LAB1_ws/install/fra532_lab1_package/local/lib/python3.10/dist-packages/fra532_lab1_package-0.0.0-py3.10.egg-info/dependency_links.txt
[0.433s] -- Installing: /home/talae/FRA532_LAB1_ws/install/fra532_lab1_package/local/lib/python3.10/dist-packages/fra532_lab1_package-0.0.0-py3.10.egg-info/SOURCES.txt
[0.433s] -- Installing: /home/talae/FRA532_LAB1_ws/install/fra532_lab1_package/local/lib/python3.10/dist-packages/fra532_lab1_package-0.0.0-py3.10.egg-info/top_level.txt
[0.433s] -- Up-to-date: /home/talae/FRA532_LAB1_ws/install/fra532_lab1_package/local/lib/python3.10/dist-packages/fra532_lab1_package
[0.433s] -- Up-to-date: /home/talae/FRA532_LAB1_ws/install/fra532_lab1_package/local/lib/python3.10/dist-packages/fra532_lab1_package/EKF.py
[0.433s] -- Up-to-date: /home/talae/FRA532_LAB1_ws/install/fra532_lab1_package/local/lib/python3.10/dist-packages/fra532_lab1_package/dummy_module.py
[0.433s] -- Up-to-date: /home/talae/FRA532_LAB1_ws/install/fra532_lab1_package/local/lib/python3.10/dist-packages/fra532_lab1_package/__init__.py
[0.433s] -- Up-to-date: /home/talae/FRA532_LAB1_ws/install/fra532_lab1_package/local/lib/python3.10/dist-packages/fra532_lab1_package/utils.py
[0.450s] Listing '/home/talae/FRA532_LAB1_ws/install/fra532_lab1_package/local/lib/python3.10/dist-packages/fra532_lab1_package'...
[0.452s] -- Up-to-date: /home/talae/FRA532_LAB1_ws/install/fra532_lab1_package/lib/fra532_lab1_package/dummy_script.py
[0.452s] -- Up-to-date: /home/talae/FRA532_LAB1_ws/install/fra532_lab1_package/lib/fra532_lab1_package/eval_node.py
[0.452s] -- Up-to-date: /home/talae/FRA532_LAB1_ws/install/fra532_lab1_package/lib/fra532_lab1_package/wheel_odom_node.py
[0.452s] -- Installing: /home/talae/FRA532_LAB1_ws/install/fra532_lab1_package/lib/fra532_lab1_package/EKF_odom_node.py
[0.452s] -- Up-to-date: /home/talae/FRA532_LAB1_ws/install/fra532_lab1_package/lib/fra532_lab1_package/cpp_node_test
[0.452s] -- Up-to-date: /home/talae/FRA532_LAB1_ws/install/fra532_lab1_package/share/fra532_lab1_package/config
[0.452s] -- Up-to-date: /home/talae/FRA532_LAB1_ws/install/fra532_lab1_package/share/fra532_lab1_package/config/0_wheel_odom_config.rviz
[0.452s] -- Up-to-date: /home/talae/FRA532_LAB1_ws/install/fra532_lab1_package/share/fra532_lab1_package/dataset
[0.452s] -- Up-to-date: /home/talae/FRA532_LAB1_ws/install/fra532_lab1_package/share/fra532_lab1_package/dataset/fibo_floor3_seq00
[0.452s] -- Up-to-date: /home/talae/FRA532_LAB1_ws/install/fra532_lab1_package/share/fra532_lab1_package/dataset/fibo_floor3_seq00/fibo_floor3_seq00_0.db3
[0.452s] -- Up-to-date: /home/talae/FRA532_LAB1_ws/install/fra532_lab1_package/share/fra532_lab1_package/dataset/fibo_floor3_seq00/metadata.yaml
[0.452s] -- Up-to-date: /home/talae/FRA532_LAB1_ws/install/fra532_lab1_package/share/fra532_lab1_package/dataset/fibo_floor3_seq01
[0.452s] -- Up-to-date: /home/talae/FRA532_LAB1_ws/install/fra532_lab1_package/share/fra532_lab1_package/dataset/fibo_floor3_seq01/metadata.yaml
[0.452s] -- Up-to-date: /home/talae/FRA532_LAB1_ws/install/fra532_lab1_package/share/fra532_lab1_package/dataset/fibo_floor3_seq01/fibo_floor3_seq01_0.db3
[0.452s] -- Up-to-date: /home/talae/FRA532_LAB1_ws/install/fra532_lab1_package/share/fra532_lab1_package/dataset/fibo_floor3_seq02
[0.452s] -- Up-to-date: /home/talae/FRA532_LAB1_ws/install/fra532_lab1_package/share/fra532_lab1_package/dataset/fibo_floor3_seq02/metadata.yaml
[0.452s] -- Up-to-date: /home/talae/FRA532_LAB1_ws/install/fra532_lab1_package/share/fra532_lab1_package/dataset/fibo_floor3_seq02/fibo_floor3_seq02_0.db3
[0.452s] -- Up-to-date: /home/talae/FRA532_LAB1_ws/install/fra532_lab1_package/share/fra532_lab1_package/launch
[0.452s] -- Up-to-date: /home/talae/FRA532_LAB1_ws/install/fra532_lab1_package/share/fra532_lab1_package/launch/0_wheel_odom.launch.py
[0.452s] -- Installing: /home/talae/FRA532_LAB1_ws/install/fra532_lab1_package/share/fra532_lab1_package/launch/1_EKF_odom.launch.py
[0.452s] -- Up-to-date: /home/talae/FRA532_LAB1_ws/install/fra532_lab1_package/share/fra532_lab1_package/launch/2_ICP_odom.launch.py
[0.452s] -- Up-to-date: /home/talae/FRA532_LAB1_ws/install/fra532_lab1_package/share/ament_index/resource_index/package_run_dependencies/fra532_lab1_package
[0.452s] -- Up-to-date: /home/talae/FRA532_LAB1_ws/install/fra532_lab1_package/share/ament_index/resource_index/parent_prefix_path/fra532_lab1_package
[0.452s] -- Up-to-date: /home/talae/FRA532_LAB1_ws/install/fra532_lab1_package/share/fra532_lab1_package/environment/ament_prefix_path.sh
[0.452s] -- Installing: /home/talae/FRA532_LAB1_ws/install/fra532_lab1_package/share/fra532_lab1_package/environment/ament_prefix_path.dsv
[0.452s] -- Up-to-date: /home/talae/FRA532_LAB1_ws/install/fra532_lab1_package/share/fra532_lab1_package/environment/path.sh
[0.452s] -- Installing: /home/talae/FRA532_LAB1_ws/install/fra532_lab1_package/share/fra532_lab1_package/environment/path.dsv
[0.453s] -- Up-to-date: /home/talae/FRA532_LAB1_ws/install/fra532_lab1_package/share/fra532_lab1_package/local_setup.bash
[0.453s] -- Up-to-date: /home/talae/FRA532_LAB1_ws/install/fra532_lab1_package/share/fra532_lab1_package/local_setup.sh
[0.453s] -- Up-to-date: /home/talae/FRA532_LAB1_ws/install/fra532_lab1_package/share/fra532_lab1_package/local_setup.zsh
[0.453s] -- Installing: /home/talae/FRA532_LAB1_ws/install/fra532_lab1_package/share/fra532_lab1_package/local_setup.dsv
[0.453s] -- Installing: /home/talae/FRA532_LAB1_ws/install/fra532_lab1_package/share/fra532_lab1_package/package.dsv
[0.453s] -- Up-to-date: /home/talae/FRA532_LAB1_ws/install/fra532_lab1_package/share/ament_index/resource_index/packages/fra532_lab1_package
[0.453s] -- Up-to-date: /home/talae/FRA532_LAB1_ws/install/fra532_lab1_package/share/fra532_lab1_package/cmake/fra532_lab1_packageConfig.cmake
[0.453s] -- Up-to-date: /home/talae/FRA532_LAB1_ws/install/fra532_lab1_package/share/fra532_lab1_package/cmake/fra532_lab1_packageConfig-version.cmake
[0.453s] -- Up-to-date: /home/talae/FRA532_LAB1_ws/install/fra532_lab1_package/share/fra532_lab1_package/package.xml
[0.454s] Invoked command in '/home/talae/FRA532_LAB1_ws/build/fra532_lab1_package' returned '0': CMAKE_PREFIX_PATH=${CMAKE_PREFIX_PATH}:/opt/ros/humble /usr/bin/cmake --install /home/talae/FRA532_LAB1_ws/build/fra532_lab1_package
